<?xml version="1.0" encoding="UTF-8"?>
<!-- Generated by org.testng.reporters.JUnitReportReporter -->
<testsuite hostname="LAPTOP-4SQA3NV4" failures="0" tests="1" name="demologin.CorrectPassword" time="10.595" errors="0" timestamp="2022-09-16T12:26:29 IST" skipped="0">
  <testcase classname="demologin.CorrectPassword" name="loginwithcorrectpassword" time="10.595"/>
  <system-out/>
</testsuite> <!-- demologin.CorrectPassword -->
