<?xml version="1.0" encoding="UTF-8"?>
<!-- Generated by org.testng.reporters.JUnitReportReporter -->
<testsuite hostname="LAPTOP-4SQA3NV4" failures="0" tests="1" name="demologin.BothNotcorrect" time="10.149" errors="0" timestamp="2022-09-16T12:26:29 IST" skipped="0">
  <testcase classname="demologin.BothNotcorrect" name="loginbothnotcorrect" time="10.149"/>
  <system-out/>
</testsuite> <!-- demologin.BothNotcorrect -->
