<?xml version="1.0" encoding="UTF-8"?>
<!-- Generated by org.testng.reporters.JUnitReportReporter -->
<testsuite hostname="LAPTOP-4SQA3NV4" failures="0" tests="4" name="demologin.Login" time="41.817" errors="0" timestamp="2022-09-16T13:57:42 IST" skipped="0">
  <testcase classname="demologin.Login" name="loginwithbothcorrect" time="12.160"/>
  <system-out/>
  <testcase classname="demologin.Login" name="loginwithbothcorrect" time="10.947"/>
  <system-out/>
  <testcase classname="demologin.Login" name="loginwithbothcorrect" time="9.534"/>
  <system-out/>
  <testcase classname="demologin.Login" name="loginwithbothcorrect" time="9.176"/>
  <system-out/>
</testsuite> <!-- demologin.Login -->
